Arguments: 
  /opt/homebrew/Cellar/node/15.10.0_1/bin/node /opt/homebrew/Cellar/yarn/1.22.10/libexec/bin/yarn.js

PATH: 
  /opt/homebrew/opt/python/libexec/bin:/opt/homebrew/bin:/opt/homebrew/sbin:/opt/homebrew/opt/python/libexec/bin:/opt/homebrew/bin:/opt/homebrew/sbin:/usr/local/bin:/usr/bin:/bin:/usr/sbin:/sbin:/usr/local/share/dotnet:~/.dotnet/tools:/opt/homebrew/bin:/opt/homebrew/bin

Yarn version: 
  1.22.10

Node version: 
  15.10.0

Platform: 
  darwin arm64

Trace: 
  SyntaxError: /Users/tparnell/projects/mono-repo-arch/client/package.json: Unexpected end of JSON input
      at JSON.parse (<anonymous>)
      at /opt/homebrew/Cellar/yarn/1.22.10/libexec/lib/cli.js:1625:59
      at Generator.next (<anonymous>)
      at step (/opt/homebrew/Cellar/yarn/1.22.10/libexec/lib/cli.js:310:30)
      at /opt/homebrew/Cellar/yarn/1.22.10/libexec/lib/cli.js:321:13

npm manifest: 
  

yarn manifest: 
  No manifest

Lockfile: 
  No lockfile
